This is pdfTeX, Version 3.14159265-2.6-1.40.17 (TeX Live 2016) (preloaded format=pdflatex 2017.1.17)  18 OCT 2017 10:48
entering extended mode
 restricted \write18 enabled.
 %&-line parsing enabled.
**Oblig1.tex
(./Oblig1.tex
LaTeX2e <2016/03/31> patch level 3
Babel <3.9r> and hyphenation patterns for 83 language(s) loaded.
(/opt/app-sync/texlive/uio-texmf/texmf-dist/tex/latex/base/article.cls
Document Class: article 2014/09/29 v1.4h Standard LaTeX document class
(/opt/app-sync/texlive/uio-texmf/texmf-dist/tex/latex/base/size12.clo
File: size12.clo 2014/09/29 v1.4h Standard LaTeX file (size option)
)
\c@part=\count79
\c@section=\count80
\c@subsection=\count81
\c@subsubsection=\count82
\c@paragraph=\count83
\c@subparagraph=\count84
\c@figure=\count85
\c@table=\count86
\abovecaptionskip=\skip41
\belowcaptionskip=\skip42
\bibindent=\dimen102
)
(/opt/app-sync/texlive/uio-texmf/texmf-dist/tex/latex/base/inputenc.sty
Package: inputenc 2015/03/17 v1.2c Input encoding file
\inpenc@prehook=\toks14
\inpenc@posthook=\toks15

(/opt/app-sync/texlive/uio-texmf/texmf-dist/tex/latex/base/utf8.def
File: utf8.def 2016/02/28 v1.1s UTF-8 support for inputenc
Now handling font encoding OML ...
... no UTF-8 mapping file for font encoding OML
Now handling font encoding T1 ...
... processing UTF-8 mapping file for font encoding T1

(/opt/app-sync/texlive/uio-texmf/texmf-dist/tex/latex/base/t1enc.dfu
File: t1enc.dfu 2016/02/28 v1.1s UTF-8 support for inputenc
   defining Unicode char U+00A0 (decimal 160)
   defining Unicode char U+00A1 (decimal 161)
   defining Unicode char U+00A3 (decimal 163)
   defining Unicode char U+00AB (decimal 171)
   defining Unicode char U+00AD (decimal 173)
   defining Unicode char U+00BB (decimal 187)
   defining Unicode char U+00BF (decimal 191)
   defining Unicode char U+00C0 (decimal 192)
   defining Unicode char U+00C1 (decimal 193)
   defining Unicode char U+00C2 (decimal 194)
   defining Unicode char U+00C3 (decimal 195)
   defining Unicode char U+00C4 (decimal 196)
   defining Unicode char U+00C5 (decimal 197)
   defining Unicode char U+00C6 (decimal 198)
   defining Unicode char U+00C7 (decimal 199)
   defining Unicode char U+00C8 (decimal 200)
   defining Unicode char U+00C9 (decimal 201)
   defining Unicode char U+00CA (decimal 202)
   defining Unicode char U+00CB (decimal 203)
   defining Unicode char U+00CC (decimal 204)
   defining Unicode char U+00CD (decimal 205)
   defining Unicode char U+00CE (decimal 206)
   defining Unicode char U+00CF (decimal 207)
   defining Unicode char U+00D0 (decimal 208)
   defining Unicode char U+00D1 (decimal 209)
   defining Unicode char U+00D2 (decimal 210)
   defining Unicode char U+00D3 (decimal 211)
   defining Unicode char U+00D4 (decimal 212)
   defining Unicode char U+00D5 (decimal 213)
   defining Unicode char U+00D6 (decimal 214)
   defining Unicode char U+00D8 (decimal 216)
   defining Unicode char U+00D9 (decimal 217)
   defining Unicode char U+00DA (decimal 218)
   defining Unicode char U+00DB (decimal 219)
   defining Unicode char U+00DC (decimal 220)
   defining Unicode char U+00DD (decimal 221)
   defining Unicode char U+00DE (decimal 222)
   defining Unicode char U+00DF (decimal 223)
   defining Unicode char U+00E0 (decimal 224)
   defining Unicode char U+00E1 (decimal 225)
   defining Unicode char U+00E2 (decimal 226)
   defining Unicode char U+00E3 (decimal 227)
   defining Unicode char U+00E4 (decimal 228)
   defining Unicode char U+00E5 (decimal 229)
   defining Unicode char U+00E6 (decimal 230)
   defining Unicode char U+00E7 (decimal 231)
   defining Unicode char U+00E8 (decimal 232)
   defining Unicode char U+00E9 (decimal 233)
   defining Unicode char U+00EA (decimal 234)
   defining Unicode char U+00EB (decimal 235)
   defining Unicode char U+00EC (decimal 236)
   defining Unicode char U+00ED (decimal 237)
   defining Unicode char U+00EE (decimal 238)
   defining Unicode char U+00EF (decimal 239)
   defining Unicode char U+00F0 (decimal 240)
   defining Unicode char U+00F1 (decimal 241)
   defining Unicode char U+00F2 (decimal 242)
   defining Unicode char U+00F3 (decimal 243)
   defining Unicode char U+00F4 (decimal 244)
   defining Unicode char U+00F5 (decimal 245)
   defining Unicode char U+00F6 (decimal 246)
   defining Unicode char U+00F8 (decimal 248)
   defining Unicode char U+00F9 (decimal 249)
   defining Unicode char U+00FA (decimal 250)
   defining Unicode char U+00FB (decimal 251)
   defining Unicode char U+00FC (decimal 252)
   defining Unicode char U+00FD (decimal 253)
   defining Unicode char U+00FE (decimal 254)
   defining Unicode char U+00FF (decimal 255)
   defining Unicode char U+0100 (decimal 256)
   defining Unicode char U+0101 (decimal 257)
   defining Unicode char U+0102 (decimal 258)
   defining Unicode char U+0103 (decimal 259)
   defining Unicode char U+0104 (decimal 260)
   defining Unicode char U+0105 (decimal 261)
   defining Unicode char U+0106 (decimal 262)
   defining Unicode char U+0107 (decimal 263)
   defining Unicode char U+0108 (decimal 264)
   defining Unicode char U+0109 (decimal 265)
   defining Unicode char U+010A (decimal 266)
   defining Unicode char U+010B (decimal 267)
   defining Unicode char U+010C (decimal 268)
   defining Unicode char U+010D (decimal 269)
   defining Unicode char U+010E (decimal 270)
   defining Unicode char U+010F (decimal 271)
   defining Unicode char U+0110 (decimal 272)
   defining Unicode char U+0111 (decimal 273)
   defining Unicode char U+0112 (decimal 274)
   defining Unicode char U+0113 (decimal 275)
   defining Unicode char U+0114 (decimal 276)
   defining Unicode char U+0115 (decimal 277)
   defining Unicode char U+0116 (decimal 278)
   defining Unicode char U+0117 (decimal 279)
   defining Unicode char U+0118 (decimal 280)
   defining Unicode char U+0119 (decimal 281)
   defining Unicode char U+011A (decimal 282)
   defining Unicode char U+011B (decimal 283)
   defining Unicode char U+011C (decimal 284)
   defining Unicode char U+011D (decimal 285)
   defining Unicode char U+011E (decimal 286)
   defining Unicode char U+011F (decimal 287)
   defining Unicode char U+0120 (decimal 288)
   defining Unicode char U+0121 (decimal 289)
   defining Unicode char U+0122 (decimal 290)
   defining Unicode char U+0123 (decimal 291)
   defining Unicode char U+0124 (decimal 292)
   defining Unicode char U+0125 (decimal 293)
   defining Unicode char U+0128 (decimal 296)
   defining Unicode char U+0129 (decimal 297)
   defining Unicode char U+012A (decimal 298)
   defining Unicode char U+012B (decimal 299)
   defining Unicode char U+012C (decimal 300)
   defining Unicode char U+012D (decimal 301)
   defining Unicode char U+012E (decimal 302)
   defining Unicode char U+012F (decimal 303)
   defining Unicode char U+0130 (decimal 304)
   defining Unicode char U+0131 (decimal 305)
   defining Unicode char U+0132 (decimal 306)
   defining Unicode char U+0133 (decimal 307)
   defining Unicode char U+0134 (decimal 308)
   defining Unicode char U+0135 (decimal 309)
   defining Unicode char U+0136 (decimal 310)
   defining Unicode char U+0137 (decimal 311)
   defining Unicode char U+0139 (decimal 313)
   defining Unicode char U+013A (decimal 314)
   defining Unicode char U+013B (decimal 315)
   defining Unicode char U+013C (decimal 316)
   defining Unicode char U+013D (decimal 317)
   defining Unicode char U+013E (decimal 318)
   defining Unicode char U+0141 (decimal 321)
   defining Unicode char U+0142 (decimal 322)
   defining Unicode char U+0143 (decimal 323)
   defining Unicode char U+0144 (decimal 324)
   defining Unicode char U+0145 (decimal 325)
   defining Unicode char U+0146 (decimal 326)
   defining Unicode char U+0147 (decimal 327)
   defining Unicode char U+0148 (decimal 328)
   defining Unicode char U+014A (decimal 330)
   defining Unicode char U+014B (decimal 331)
   defining Unicode char U+014C (decimal 332)
   defining Unicode char U+014D (decimal 333)
   defining Unicode char U+014E (decimal 334)
   defining Unicode char U+014F (decimal 335)
   defining Unicode char U+0150 (decimal 336)
   defining Unicode char U+0151 (decimal 337)
   defining Unicode char U+0152 (decimal 338)
   defining Unicode char U+0153 (decimal 339)
   defining Unicode char U+0154 (decimal 340)
   defining Unicode char U+0155 (decimal 341)
   defining Unicode char U+0156 (decimal 342)
   defining Unicode char U+0157 (decimal 343)
   defining Unicode char U+0158 (decimal 344)
   defining Unicode char U+0159 (decimal 345)
   defining Unicode char U+015A (decimal 346)
   defining Unicode char U+015B (decimal 347)
   defining Unicode char U+015C (decimal 348)
   defining Unicode char U+015D (decimal 349)
   defining Unicode char U+015E (decimal 350)
   defining Unicode char U+015F (decimal 351)
   defining Unicode char U+0160 (decimal 352)
   defining Unicode char U+0161 (decimal 353)
   defining Unicode char U+0162 (decimal 354)
   defining Unicode char U+0163 (decimal 355)
   defining Unicode char U+0164 (decimal 356)
   defining Unicode char U+0165 (decimal 357)
   defining Unicode char U+0168 (decimal 360)
   defining Unicode char U+0169 (decimal 361)
   defining Unicode char U+016A (decimal 362)
   defining Unicode char U+016B (decimal 363)
   defining Unicode char U+016C (decimal 364)
   defining Unicode char U+016D (decimal 365)
   defining Unicode char U+016E (decimal 366)
   defining Unicode char U+016F (decimal 367)
   defining Unicode char U+0170 (decimal 368)
   defining Unicode char U+0171 (decimal 369)
   defining Unicode char U+0172 (decimal 370)
   defining Unicode char U+0173 (decimal 371)
   defining Unicode char U+0174 (decimal 372)
   defining Unicode char U+0175 (decimal 373)
   defining Unicode char U+0176 (decimal 374)
   defining Unicode char U+0177 (decimal 375)
   defining Unicode char U+0178 (decimal 376)
   defining Unicode char U+0179 (decimal 377)
   defining Unicode char U+017A (decimal 378)
   defining Unicode char U+017B (decimal 379)
   defining Unicode char U+017C (decimal 380)
   defining Unicode char U+017D (decimal 381)
   defining Unicode char U+017E (decimal 382)
   defining Unicode char U+01CD (decimal 461)
   defining Unicode char U+01CE (decimal 462)
   defining Unicode char U+01CF (decimal 463)
   defining Unicode char U+01D0 (decimal 464)
   defining Unicode char U+01D1 (decimal 465)
   defining Unicode char U+01D2 (decimal 466)
   defining Unicode char U+01D3 (decimal 467)
   defining Unicode char U+01D4 (decimal 468)
   defining Unicode char U+01E2 (decimal 482)
   defining Unicode char U+01E3 (decimal 483)
   defining Unicode char U+01E6 (decimal 486)
   defining Unicode char U+01E7 (decimal 487)
   defining Unicode char U+01E8 (decimal 488)
   defining Unicode char U+01E9 (decimal 489)
   defining Unicode char U+01EA (decimal 490)
   defining Unicode char U+01EB (decimal 491)
   defining Unicode char U+01F0 (decimal 496)
   defining Unicode char U+01F4 (decimal 500)
   defining Unicode char U+01F5 (decimal 501)
   defining Unicode char U+0218 (decimal 536)
   defining Unicode char U+0219 (decimal 537)
   defining Unicode char U+021A (decimal 538)
   defining Unicode char U+021B (decimal 539)
   defining Unicode char U+1E02 (decimal 7682)
   defining Unicode char U+1E03 (decimal 7683)
   defining Unicode char U+200C (decimal 8204)
   defining Unicode char U+2010 (decimal 8208)
   defining Unicode char U+2011 (decimal 8209)
   defining Unicode char U+2012 (decimal 8210)
   defining Unicode char U+2013 (decimal 8211)
   defining Unicode char U+2014 (decimal 8212)
   defining Unicode char U+2015 (decimal 8213)
   defining Unicode char U+2018 (decimal 8216)
   defining Unicode char U+2019 (decimal 8217)
   defining Unicode char U+201A (decimal 8218)
   defining Unicode char U+201C (decimal 8220)
   defining Unicode char U+201D (decimal 8221)
   defining Unicode char U+201E (decimal 8222)
   defining Unicode char U+2030 (decimal 8240)
   defining Unicode char U+2031 (decimal 8241)
   defining Unicode char U+2039 (decimal 8249)
   defining Unicode char U+203A (decimal 8250)
   defining Unicode char U+2423 (decimal 9251)
)
Now handling font encoding OT1 ...
... processing UTF-8 mapping file for font encoding OT1

(/opt/app-sync/texlive/uio-texmf/texmf-dist/tex/latex/base/ot1enc.dfu
File: ot1enc.dfu 2016/02/28 v1.1s UTF-8 support for inputenc
   defining Unicode char U+00A0 (decimal 160)
   defining Unicode char U+00A1 (decimal 161)
   defining Unicode char U+00A3 (decimal 163)
   defining Unicode char U+00AD (decimal 173)
   defining Unicode char U+00B8 (decimal 184)
   defining Unicode char U+00BF (decimal 191)
   defining Unicode char U+00C5 (decimal 197)
   defining Unicode char U+00C6 (decimal 198)
   defining Unicode char U+00D8 (decimal 216)
   defining Unicode char U+00DF (decimal 223)
   defining Unicode char U+00E6 (decimal 230)
   defining Unicode char U+00EC (decimal 236)
   defining Unicode char U+00ED (decimal 237)
   defining Unicode char U+00EE (decimal 238)
   defining Unicode char U+00EF (decimal 239)
   defining Unicode char U+00F8 (decimal 248)
   defining Unicode char U+0131 (decimal 305)
   defining Unicode char U+0141 (decimal 321)
   defining Unicode char U+0142 (decimal 322)
   defining Unicode char U+0152 (decimal 338)
   defining Unicode char U+0153 (decimal 339)
   defining Unicode char U+0174 (decimal 372)
   defining Unicode char U+0175 (decimal 373)
   defining Unicode char U+0176 (decimal 374)
   defining Unicode char U+0177 (decimal 375)
   defining Unicode char U+0218 (decimal 536)
   defining Unicode char U+0219 (decimal 537)
   defining Unicode char U+021A (decimal 538)
   defining Unicode char U+021B (decimal 539)
   defining Unicode char U+2013 (decimal 8211)
   defining Unicode char U+2014 (decimal 8212)
   defining Unicode char U+2018 (decimal 8216)
   defining Unicode char U+2019 (decimal 8217)
   defining Unicode char U+201C (decimal 8220)
   defining Unicode char U+201D (decimal 8221)
)
Now handling font encoding OMS ...
... processing UTF-8 mapping file for font encoding OMS

(/opt/app-sync/texlive/uio-texmf/texmf-dist/tex/latex/base/omsenc.dfu
File: omsenc.dfu 2016/02/28 v1.1s UTF-8 support for inputenc
   defining Unicode char U+00A7 (decimal 167)
   defining Unicode char U+00B6 (decimal 182)
   defining Unicode char U+00B7 (decimal 183)
   defining Unicode char U+2020 (decimal 8224)
   defining Unicode char U+2021 (decimal 8225)
   defining Unicode char U+2022 (decimal 8226)
)
Now handling font encoding OMX ...
... no UTF-8 mapping file for font encoding OMX
Now handling font encoding U ...
... no UTF-8 mapping file for font encoding U
   defining Unicode char U+00A9 (decimal 169)
   defining Unicode char U+00AA (decimal 170)
   defining Unicode char U+00AE (decimal 174)
   defining Unicode char U+00BA (decimal 186)
   defining Unicode char U+02C6 (decimal 710)
   defining Unicode char U+02DC (decimal 732)
   defining Unicode char U+200C (decimal 8204)
   defining Unicode char U+2026 (decimal 8230)
   defining Unicode char U+2122 (decimal 8482)
   defining Unicode char U+2423 (decimal 9251)
))
(/opt/app-sync/texlive/uio-texmf/texmf-dist/tex/generic/babel/babel.sty
Package: babel 2016/04/23 3.9r The Babel package

(/opt/app-sync/texlive/uio-texmf/texmf-dist/tex/generic/babel-english/english.l
df
Language: english 2012/08/20 v3.3p English support from the babel system
 (/opt/app-sync/texlive/uio-texmf/texmf-dist/tex/generic/babel/babel.def
File: babel.def 2016/04/23 3.9r Babel common definitions
\babel@savecnt=\count87
\U@D=\dimen103
)
\l@canadian = a dialect from \language\l@american 
\l@australian = a dialect from \language\l@british 
\l@newzealand = a dialect from \language\l@british 
))
(/opt/app-sync/texlive/uio-texmf/texmf-dist/tex/latex/tools/verbatim.sty
Package: verbatim 2014/10/28 v1.5q LaTeX2e package for verbatim enhancements
\every@verbatim=\toks16
\verbatim@line=\toks17
\verbatim@in@stream=\read1
)
(/opt/app-sync/texlive/uio-texmf/texmf-dist/tex/latex/ms/ragged2e.sty
Package: ragged2e 2009/05/21 v2.1 ragged2e Package (MS)

(/opt/app-sync/texlive/uio-texmf/texmf-dist/tex/latex/ms/everysel.sty
Package: everysel 2011/10/28 v1.2 EverySelectfont Package (MS)
)
(/opt/app-sync/texlive/uio-texmf/texmf-dist/tex/latex/footmisc/footmisc.sty
Package: footmisc 2011/06/06 v5.5b a miscellany of footnote facilities
\FN@temptoken=\toks18
\footnotemargin=\dimen104
\c@pp@next@reset=\count88
Package footmisc Info: Declaring symbol style bringhurst on input line 855.
Package footmisc Info: Declaring symbol style chicago on input line 863.
Package footmisc Info: Declaring symbol style wiley on input line 872.
Package footmisc Info: Declaring symbol style lamport-robust on input line 883.

Package footmisc Info: Declaring symbol style lamport* on input line 903.
Package footmisc Info: Declaring symbol style lamport*-robust on input line 924
.
)
\CenteringLeftskip=\skip43
\RaggedLeftLeftskip=\skip44
\RaggedRightLeftskip=\skip45
\CenteringRightskip=\skip46
\RaggedLeftRightskip=\skip47
\RaggedRightRightskip=\skip48
\CenteringParfillskip=\skip49
\RaggedLeftParfillskip=\skip50
\RaggedRightParfillskip=\skip51
\JustifyingParfillskip=\skip52
\CenteringParindent=\skip53
\RaggedLeftParindent=\skip54
\RaggedRightParindent=\skip55
\JustifyingParindent=\skip56
)
(/opt/app-sync/texlive/uio-texmf/texmf-dist/tex/latex/amsmath/amsmath.sty
Package: amsmath 2016/06/28 v2.15d AMS math features
\@mathmargin=\skip57

For additional information on amsmath, use the `?' option.
(/opt/app-sync/texlive/uio-texmf/texmf-dist/tex/latex/amsmath/amstext.sty
Package: amstext 2000/06/29 v2.01 AMS text

(/opt/app-sync/texlive/uio-texmf/texmf-dist/tex/latex/amsmath/amsgen.sty
File: amsgen.sty 1999/11/30 v2.0 generic functions
\@emptytoks=\toks19
\ex@=\dimen105
))
(/opt/app-sync/texlive/uio-texmf/texmf-dist/tex/latex/amsmath/amsbsy.sty
Package: amsbsy 1999/11/29 v1.2d Bold Symbols
\pmbraise@=\dimen106
)
(/opt/app-sync/texlive/uio-texmf/texmf-dist/tex/latex/amsmath/amsopn.sty
Package: amsopn 2016/03/08 v2.02 operator names
)
\inf@bad=\count89
LaTeX Info: Redefining \frac on input line 199.
\uproot@=\count90
\leftroot@=\count91
LaTeX Info: Redefining \overline on input line 297.
\classnum@=\count92
\DOTSCASE@=\count93
LaTeX Info: Redefining \ldots on input line 394.
LaTeX Info: Redefining \dots on input line 397.
LaTeX Info: Redefining \cdots on input line 518.
\Mathstrutbox@=\box26
\strutbox@=\box27
\big@size=\dimen107
LaTeX Font Info:    Redeclaring font encoding OML on input line 634.
LaTeX Font Info:    Redeclaring font encoding OMS on input line 635.
\macc@depth=\count94
\c@MaxMatrixCols=\count95
\dotsspace@=\muskip10
\c@parentequation=\count96
\dspbrk@lvl=\count97
\tag@help=\toks20
\row@=\count98
\column@=\count99
\maxfields@=\count100
\andhelp@=\toks21
\eqnshift@=\dimen108
\alignsep@=\dimen109
\tagshift@=\dimen110
\tagwidth@=\dimen111
\totwidth@=\dimen112
\lineht@=\dimen113
\@envbody=\toks22
\multlinegap=\skip58
\multlinetaggap=\skip59
\mathdisplay@stack=\toks23
LaTeX Info: Redefining \[ on input line 2739.
LaTeX Info: Redefining \] on input line 2740.
)
(/opt/app-sync/texlive/uio-texmf/texmf-dist/tex/generic/ulem/ulem.sty
\UL@box=\box28
\UL@hyphenbox=\box29
\UL@skip=\skip60
\UL@hook=\toks24
\UL@height=\dimen114
\UL@pe=\count101
\UL@pixel=\dimen115
\ULC@box=\box30
Package: ulem 2012/05/18
\ULdepth=\dimen116
)
(/opt/app-sync/texlive/uio-texmf/texmf-dist/tex/latex/graphics/graphicx.sty
Package: graphicx 2014/10/28 v1.0g Enhanced LaTeX Graphics (DPC,SPQR)

(/opt/app-sync/texlive/uio-texmf/texmf-dist/tex/latex/graphics/keyval.sty
Package: keyval 2014/10/28 v1.15 key=value parser (DPC)
\KV@toks@=\toks25
)
(/opt/app-sync/texlive/uio-texmf/texmf-dist/tex/latex/graphics/graphics.sty
Package: graphics 2016/07/10 v1.0t Standard LaTeX Graphics (DPC,SPQR)

(/opt/app-sync/texlive/uio-texmf/texmf-dist/tex/latex/graphics/trig.sty
Package: trig 2016/01/03 v1.10 sin cos tan (DPC)
)
(/opt/app-sync/texlive/uio-texmf/texmf-dist/tex/latex/graphics-cfg/graphics.cfg
File: graphics.cfg 2016/06/04 v1.11 sample graphics configuration
)
Package graphics Info: Driver file: pdftex.def on input line 99.
 (/opt/app-sync/texlive/uio-texmf/texmf-dist/tex/latex/graphics-def/pdftex.def
File: pdftex.def 2016/07/10 v0.06j Graphics/color for pdfTeX
(/opt/app-sync/texlive/uio-texmf/texmf-dist/tex/generic/oberdiek/infwarerr.sty
Package: infwarerr 2016/05/16 v1.4 Providing info/warning/error messages (HO)
) (/opt/app-sync/texlive/uio-texmf/texmf-dist/tex/generic/oberdiek/ltxcmds.sty
Package: ltxcmds 2016/05/16 v1.23 LaTeX kernel commands for general use (HO)
)
\Gread@gobject=\count102
))
\Gin@req@height=\dimen117
\Gin@req@width=\dimen118
) (/opt/app-sync/texlive/uio-texmf/texmf-dist/tex/latex/was/gensymb.sty
Package: gensymb 2003/07/02 v1.0 (WaS)
)
(/opt/app-sync/texlive/uio-texmf/texmf-dist/tex/latex/float/float.sty
Package: float 2001/11/08 v1.3d Float enhancements (AL)
\c@float@type=\count103
\float@exts=\toks26
\float@box=\box31
\@float@everytoks=\toks27
\@floatcapt=\box32
)
(/opt/app-sync/texlive/uio-texmf/texmf-dist/tex/latex/hyperref/hyperref.sty
Package: hyperref 2016/06/24 v6.83q Hypertext links for LaTeX

(/opt/app-sync/texlive/uio-texmf/texmf-dist/tex/generic/oberdiek/hobsub-hyperre
f.sty
Package: hobsub-hyperref 2016/05/16 v1.14 Bundle oberdiek, subset hyperref (HO)


(/opt/app-sync/texlive/uio-texmf/texmf-dist/tex/generic/oberdiek/hobsub-generic
.sty
Package: hobsub-generic 2016/05/16 v1.14 Bundle oberdiek, subset generic (HO)
Package: hobsub 2016/05/16 v1.14 Construct package bundles (HO)
Package hobsub Info: Skipping package `infwarerr' (already loaded).
Package hobsub Info: Skipping package `ltxcmds' (already loaded).
Package: ifluatex 2016/05/16 v1.4 Provides the ifluatex switch (HO)
Package ifluatex Info: LuaTeX not detected.
Package: ifvtex 2016/05/16 v1.6 Detect VTeX and its facilities (HO)
Package ifvtex Info: VTeX not detected.
Package: intcalc 2016/05/16 v1.2 Expandable calculations with integers (HO)
Package: ifpdf 2016/05/14 v3.1 Provides the ifpdf switch
Package: etexcmds 2016/05/16 v1.6 Avoid name clashes with e-TeX commands (HO)
Package etexcmds Info: Could not find \expanded.
(etexcmds)             That can mean that you are not using pdfTeX 1.50 or
(etexcmds)             that some package has redefined \expanded.
(etexcmds)             In the latter case, load this package earlier.
Package: kvsetkeys 2016/05/16 v1.17 Key value parser (HO)
Package: kvdefinekeys 2016/05/16 v1.4 Define keys (HO)
Package: pdftexcmds 2016/05/21 v0.22 Utility functions of pdfTeX for LuaTeX (HO
)
Package pdftexcmds Info: LuaTeX not detected.
Package pdftexcmds Info: \pdf@primitive is available.
Package pdftexcmds Info: \pdf@ifprimitive is available.
Package pdftexcmds Info: \pdfdraftmode found.
Package: pdfescape 2016/05/16 v1.14 Implements pdfTeX's escape features (HO)
Package: bigintcalc 2016/05/16 v1.4 Expandable calculations on big integers (HO
)
Package: bitset 2016/05/16 v1.2 Handle bit-vector datatype (HO)
Package: uniquecounter 2016/05/16 v1.3 Provide unlimited unique counter (HO)
)
Package hobsub Info: Skipping package `hobsub' (already loaded).
Package: letltxmacro 2016/05/16 v1.5 Let assignment for LaTeX macros (HO)
Package: hopatch 2016/05/16 v1.3 Wrapper for package hooks (HO)
Package: xcolor-patch 2016/05/16 xcolor patch
Package: atveryend 2016/05/16 v1.9 Hooks at the very end of document (HO)
Package atveryend Info: \enddocument detected (standard20110627).
Package: atbegshi 2016/06/09 v1.18 At begin shipout hook (HO)
Package: refcount 2016/05/16 v3.5 Data extraction from label references (HO)
Package: hycolor 2016/05/16 v1.8 Color options for hyperref/bookmark (HO)
)
(/opt/app-sync/texlive/uio-texmf/texmf-dist/tex/generic/ifxetex/ifxetex.sty
Package: ifxetex 2010/09/12 v0.6 Provides ifxetex conditional
)
(/opt/app-sync/texlive/uio-texmf/texmf-dist/tex/latex/oberdiek/auxhook.sty
Package: auxhook 2016/05/16 v1.4 Hooks for auxiliary files (HO)
)
(/opt/app-sync/texlive/uio-texmf/texmf-dist/tex/latex/oberdiek/kvoptions.sty
Package: kvoptions 2016/05/16 v3.12 Key value format for package options (HO)
)
\@linkdim=\dimen119
\Hy@linkcounter=\count104
\Hy@pagecounter=\count105

(/opt/app-sync/texlive/uio-texmf/texmf-dist/tex/latex/hyperref/pd1enc.def
File: pd1enc.def 2016/06/24 v6.83q Hyperref: PDFDocEncoding definition (HO)
Now handling font encoding PD1 ...
... no UTF-8 mapping file for font encoding PD1
)
\Hy@SavedSpaceFactor=\count106

(/opt/app-sync/texlive/uio-texmf/texmf-dist/tex/latex/latexconfig/hyperref.cfg
File: hyperref.cfg 2002/06/06 v1.2 hyperref configuration of TeXLive
)
Package hyperref Info: Hyper figures OFF on input line 4486.
Package hyperref Info: Link nesting OFF on input line 4491.
Package hyperref Info: Hyper index ON on input line 4494.
Package hyperref Info: Plain pages OFF on input line 4501.
Package hyperref Info: Backreferencing OFF on input line 4506.
Package hyperref Info: Implicit mode ON; LaTeX internals redefined.
Package hyperref Info: Bookmarks ON on input line 4735.
\c@Hy@tempcnt=\count107
(/opt/app-sync/texlive/uio-texmf/texmf-dist/tex/latex/url/url.sty
\Urlmuskip=\muskip11
Package: url 2013/09/16  ver 3.4  Verb mode for urls, etc.
)
LaTeX Info: Redefining \url on input line 5088.
\XeTeXLinkMargin=\dimen120
\Fld@menulength=\count108
\Field@Width=\dimen121
\Fld@charsize=\dimen122
Package hyperref Info: Hyper figures OFF on input line 6342.
Package hyperref Info: Link nesting OFF on input line 6347.
Package hyperref Info: Hyper index ON on input line 6350.
Package hyperref Info: backreferencing OFF on input line 6357.
Package hyperref Info: Link coloring OFF on input line 6362.
Package hyperref Info: Link coloring with OCG OFF on input line 6367.
Package hyperref Info: PDF/A mode OFF on input line 6372.
LaTeX Info: Redefining \ref on input line 6412.
LaTeX Info: Redefining \pageref on input line 6416.
\Hy@abspage=\count109
\c@Item=\count110
\c@Hfootnote=\count111
)

Package hyperref Message: Driver (autodetected): hpdftex.

(/opt/app-sync/texlive/uio-texmf/texmf-dist/tex/latex/hyperref/hpdftex.def
File: hpdftex.def 2016/06/24 v6.83q Hyperref driver for pdfTeX
\Fld@listcount=\count112
\c@bookmark@seq@number=\count113

(/opt/app-sync/texlive/uio-texmf/texmf-dist/tex/latex/oberdiek/rerunfilecheck.s
ty
Package: rerunfilecheck 2016/05/16 v1.8 Rerun checks for auxiliary files (HO)
Package uniquecounter Info: New unique counter `rerunfilecheck' on input line 2
82.
)
\Hy@SectionHShift=\skip61
) (/opt/app-sync/texlive/uio-texmf/texmf-dist/tex/latex/amsfonts/amssymb.sty
Package: amssymb 2013/01/14 v3.01 AMS font symbols
(/opt/app-sync/texlive/uio-texmf/texmf-dist/tex/latex/amsfonts/amsfonts.sty
Package: amsfonts 2013/01/14 v3.01 Basic AMSFonts support
\symAMSa=\mathgroup4
\symAMSb=\mathgroup5
LaTeX Font Info:    Overwriting math alphabet `\mathfrak' in version `bold'
(Font)                  U/euf/m/n --> U/euf/b/n on input line 106.
))
(/opt/app-sync/texlive/uio-texmf/texmf-dist/tex/latex/geometry/geometry.sty
Package: geometry 2010/09/12 v5.6 Page Geometry
\Gm@cnth=\count114
\Gm@cntv=\count115
\c@Gm@tempcnt=\count116
\Gm@bindingoffset=\dimen123
\Gm@wd@mp=\dimen124
\Gm@odd@mp=\dimen125
\Gm@even@mp=\dimen126
\Gm@layoutwidth=\dimen127
\Gm@layoutheight=\dimen128
\Gm@layouthoffset=\dimen129
\Gm@layoutvoffset=\dimen130
\Gm@dimlist=\toks28
)
(/opt/app-sync/texlive/uio-texmf/texmf-dist/tex/latex/listings/listings.sty
\lst@mode=\count117
\lst@gtempboxa=\box33
\lst@token=\toks29
\lst@length=\count118
\lst@currlwidth=\dimen131
\lst@column=\count119
\lst@pos=\count120
\lst@lostspace=\dimen132
\lst@width=\dimen133
\lst@newlines=\count121
\lst@lineno=\count122
\lst@maxwidth=\dimen134

(/opt/app-sync/texlive/uio-texmf/texmf-dist/tex/latex/listings/lstmisc.sty
File: lstmisc.sty 2015/06/04 1.6 (Carsten Heinz)
\c@lstnumber=\count123
\lst@skipnumbers=\count124
\lst@framebox=\box34
)
(/opt/app-sync/texlive/uio-texmf/texmf-dist/tex/latex/listings/listings.cfg
File: listings.cfg 2015/06/04 1.6 listings configuration
))
Package: listings 2015/06/04 1.6 (Carsten Heinz)

(/opt/app-sync/texlive/uio-texmf/texmf-dist/tex/latex/graphics/color.sty
Package: color 2016/07/10 v1.1e Standard LaTeX Color (DPC)

(/opt/app-sync/texlive/uio-texmf/texmf-dist/tex/latex/graphics-cfg/color.cfg
File: color.cfg 2016/01/02 v1.6 sample color configuration
)
Package color Info: Driver file: pdftex.def on input line 147.
)
(/opt/app-sync/texlive/uio-texmf/texmf-dist/tex/latex/pgf/frontendlayer/tikz.st
y (/opt/app-sync/texlive/uio-texmf/texmf-dist/tex/latex/pgf/basiclayer/pgf.sty
(/opt/app-sync/texlive/uio-texmf/texmf-dist/tex/latex/pgf/utilities/pgfrcs.sty
(/opt/app-sync/texlive/uio-texmf/texmf-dist/tex/generic/pgf/utilities/pgfutil-c
ommon.tex
\pgfutil@everybye=\toks30
\pgfutil@tempdima=\dimen135
\pgfutil@tempdimb=\dimen136

(/opt/app-sync/texlive/uio-texmf/texmf-dist/tex/generic/pgf/utilities/pgfutil-c
ommon-lists.tex))
(/opt/app-sync/texlive/uio-texmf/texmf-dist/tex/generic/pgf/utilities/pgfutil-l
atex.def
\pgfutil@abb=\box35
 (/opt/app-sync/texlive/uio-texmf/texmf-dist/tex/latex/ms/everyshi.sty
Package: everyshi 2001/05/15 v3.00 EveryShipout Package (MS)
))
(/opt/app-sync/texlive/uio-texmf/texmf-dist/tex/generic/pgf/utilities/pgfrcs.co
de.tex
Package: pgfrcs 2015/08/07 v3.0.1a (rcs-revision 1.31)
))
Package: pgf 2015/08/07 v3.0.1a (rcs-revision 1.15)

(/opt/app-sync/texlive/uio-texmf/texmf-dist/tex/latex/pgf/basiclayer/pgfcore.st
y
(/opt/app-sync/texlive/uio-texmf/texmf-dist/tex/latex/pgf/systemlayer/pgfsys.st
y
(/opt/app-sync/texlive/uio-texmf/texmf-dist/tex/generic/pgf/systemlayer/pgfsys.
code.tex
Package: pgfsys 2014/07/09 v3.0.1a (rcs-revision 1.48)

(/opt/app-sync/texlive/uio-texmf/texmf-dist/tex/generic/pgf/utilities/pgfkeys.c
ode.tex
\pgfkeys@pathtoks=\toks31
\pgfkeys@temptoks=\toks32

(/opt/app-sync/texlive/uio-texmf/texmf-dist/tex/generic/pgf/utilities/pgfkeysfi
ltered.code.tex
\pgfkeys@tmptoks=\toks33
))
\pgf@x=\dimen137
\pgf@y=\dimen138
\pgf@xa=\dimen139
\pgf@ya=\dimen140
\pgf@xb=\dimen141
\pgf@yb=\dimen142
\pgf@xc=\dimen143
\pgf@yc=\dimen144
\w@pgf@writea=\write3
\r@pgf@reada=\read2
\c@pgf@counta=\count125
\c@pgf@countb=\count126
\c@pgf@countc=\count127
\c@pgf@countd=\count128
\t@pgf@toka=\toks34
\t@pgf@tokb=\toks35
\t@pgf@tokc=\toks36

(/opt/app-sync/texlive/uio-texmf/texmf-dist/tex/generic/pgf/systemlayer/pgf.cfg
File: pgf.cfg 2008/05/14  (rcs-revision 1.7)
)
Driver file for pgf: pgfsys-pdftex.def

(/opt/app-sync/texlive/uio-texmf/texmf-dist/tex/generic/pgf/systemlayer/pgfsys-
pdftex.def
File: pgfsys-pdftex.def 2014/10/11  (rcs-revision 1.35)

(/opt/app-sync/texlive/uio-texmf/texmf-dist/tex/generic/pgf/systemlayer/pgfsys-
common-pdf.def
File: pgfsys-common-pdf.def 2013/10/10  (rcs-revision 1.13)
)))
(/opt/app-sync/texlive/uio-texmf/texmf-dist/tex/generic/pgf/systemlayer/pgfsyss
oftpath.code.tex
File: pgfsyssoftpath.code.tex 2013/09/09  (rcs-revision 1.9)
\pgfsyssoftpath@smallbuffer@items=\count129
\pgfsyssoftpath@bigbuffer@items=\count130
)
(/opt/app-sync/texlive/uio-texmf/texmf-dist/tex/generic/pgf/systemlayer/pgfsysp
rotocol.code.tex
File: pgfsysprotocol.code.tex 2006/10/16  (rcs-revision 1.4)
))
(/opt/app-sync/texlive/uio-texmf/texmf-dist/tex/latex/xcolor/xcolor.sty
Package: xcolor 2016/05/11 v2.12 LaTeX color extensions (UK)

(/opt/app-sync/texlive/uio-texmf/texmf-dist/tex/latex/graphics-cfg/color.cfg
File: color.cfg 2016/01/02 v1.6 sample color configuration
)
Package xcolor Info: Driver file: pdftex.def on input line 225.
LaTeX Info: Redefining \color on input line 709.
Package xcolor Info: Model `cmy' substituted by `cmy0' on input line 1348.
Package xcolor Info: Model `hsb' substituted by `rgb' on input line 1352.
Package xcolor Info: Model `RGB' extended on input line 1364.
Package xcolor Info: Model `HTML' substituted by `rgb' on input line 1366.
Package xcolor Info: Model `Hsb' substituted by `hsb' on input line 1367.
Package xcolor Info: Model `tHsb' substituted by `hsb' on input line 1368.
Package xcolor Info: Model `HSB' substituted by `hsb' on input line 1369.
Package xcolor Info: Model `Gray' substituted by `gray' on input line 1370.
Package xcolor Info: Model `wave' substituted by `hsb' on input line 1371.
)
(/opt/app-sync/texlive/uio-texmf/texmf-dist/tex/generic/pgf/basiclayer/pgfcore.
code.tex
Package: pgfcore 2010/04/11 v3.0.1a (rcs-revision 1.7)

(/opt/app-sync/texlive/uio-texmf/texmf-dist/tex/generic/pgf/math/pgfmath.code.t
ex
(/opt/app-sync/texlive/uio-texmf/texmf-dist/tex/generic/pgf/math/pgfmathcalc.co
de.tex
(/opt/app-sync/texlive/uio-texmf/texmf-dist/tex/generic/pgf/math/pgfmathutil.co
de.tex)
(/opt/app-sync/texlive/uio-texmf/texmf-dist/tex/generic/pgf/math/pgfmathparser.
code.tex
\pgfmath@dimen=\dimen145
\pgfmath@count=\count131
\pgfmath@box=\box36
\pgfmath@toks=\toks37
\pgfmath@stack@operand=\toks38
\pgfmath@stack@operation=\toks39
)
(/opt/app-sync/texlive/uio-texmf/texmf-dist/tex/generic/pgf/math/pgfmathfunctio
ns.code.tex
(/opt/app-sync/texlive/uio-texmf/texmf-dist/tex/generic/pgf/math/pgfmathfunctio
ns.basic.code.tex)
(/opt/app-sync/texlive/uio-texmf/texmf-dist/tex/generic/pgf/math/pgfmathfunctio
ns.trigonometric.code.tex)
(/opt/app-sync/texlive/uio-texmf/texmf-dist/tex/generic/pgf/math/pgfmathfunctio
ns.random.code.tex)
(/opt/app-sync/texlive/uio-texmf/texmf-dist/tex/generic/pgf/math/pgfmathfunctio
ns.comparison.code.tex)
(/opt/app-sync/texlive/uio-texmf/texmf-dist/tex/generic/pgf/math/pgfmathfunctio
ns.base.code.tex)
(/opt/app-sync/texlive/uio-texmf/texmf-dist/tex/generic/pgf/math/pgfmathfunctio
ns.round.code.tex)
(/opt/app-sync/texlive/uio-texmf/texmf-dist/tex/generic/pgf/math/pgfmathfunctio
ns.misc.code.tex)
(/opt/app-sync/texlive/uio-texmf/texmf-dist/tex/generic/pgf/math/pgfmathfunctio
ns.integerarithmetics.code.tex)))
(/opt/app-sync/texlive/uio-texmf/texmf-dist/tex/generic/pgf/math/pgfmathfloat.c
ode.tex
\c@pgfmathroundto@lastzeros=\count132
))
(/opt/app-sync/texlive/uio-texmf/texmf-dist/tex/generic/pgf/basiclayer/pgfcorep
oints.code.tex
File: pgfcorepoints.code.tex 2013/10/07  (rcs-revision 1.27)
\pgf@picminx=\dimen146
\pgf@picmaxx=\dimen147
\pgf@picminy=\dimen148
\pgf@picmaxy=\dimen149
\pgf@pathminx=\dimen150
\pgf@pathmaxx=\dimen151
\pgf@pathminy=\dimen152
\pgf@pathmaxy=\dimen153
\pgf@xx=\dimen154
\pgf@xy=\dimen155
\pgf@yx=\dimen156
\pgf@yy=\dimen157
\pgf@zx=\dimen158
\pgf@zy=\dimen159
)
(/opt/app-sync/texlive/uio-texmf/texmf-dist/tex/generic/pgf/basiclayer/pgfcorep
athconstruct.code.tex
File: pgfcorepathconstruct.code.tex 2013/10/07  (rcs-revision 1.29)
\pgf@path@lastx=\dimen160
\pgf@path@lasty=\dimen161
)
(/opt/app-sync/texlive/uio-texmf/texmf-dist/tex/generic/pgf/basiclayer/pgfcorep
athusage.code.tex
File: pgfcorepathusage.code.tex 2014/11/02  (rcs-revision 1.24)
\pgf@shorten@end@additional=\dimen162
\pgf@shorten@start@additional=\dimen163
)
(/opt/app-sync/texlive/uio-texmf/texmf-dist/tex/generic/pgf/basiclayer/pgfcores
copes.code.tex
File: pgfcorescopes.code.tex 2015/05/08  (rcs-revision 1.46)
\pgfpic=\box37
\pgf@hbox=\box38
\pgf@layerbox@main=\box39
\pgf@picture@serial@count=\count133
)
(/opt/app-sync/texlive/uio-texmf/texmf-dist/tex/generic/pgf/basiclayer/pgfcoreg
raphicstate.code.tex
File: pgfcoregraphicstate.code.tex 2014/11/02  (rcs-revision 1.12)
\pgflinewidth=\dimen164
)
(/opt/app-sync/texlive/uio-texmf/texmf-dist/tex/generic/pgf/basiclayer/pgfcoret
ransformations.code.tex
File: pgfcoretransformations.code.tex 2015/08/07  (rcs-revision 1.20)
\pgf@pt@x=\dimen165
\pgf@pt@y=\dimen166
\pgf@pt@temp=\dimen167
)
(/opt/app-sync/texlive/uio-texmf/texmf-dist/tex/generic/pgf/basiclayer/pgfcoreq
uick.code.tex
File: pgfcorequick.code.tex 2008/10/09  (rcs-revision 1.3)
)
(/opt/app-sync/texlive/uio-texmf/texmf-dist/tex/generic/pgf/basiclayer/pgfcoreo
bjects.code.tex
File: pgfcoreobjects.code.tex 2006/10/11  (rcs-revision 1.2)
)
(/opt/app-sync/texlive/uio-texmf/texmf-dist/tex/generic/pgf/basiclayer/pgfcorep
athprocessing.code.tex
File: pgfcorepathprocessing.code.tex 2013/09/09  (rcs-revision 1.9)
)
(/opt/app-sync/texlive/uio-texmf/texmf-dist/tex/generic/pgf/basiclayer/pgfcorea
rrows.code.tex
File: pgfcorearrows.code.tex 2015/05/14  (rcs-revision 1.43)
\pgfarrowsep=\dimen168
)
(/opt/app-sync/texlive/uio-texmf/texmf-dist/tex/generic/pgf/basiclayer/pgfcores
hade.code.tex
File: pgfcoreshade.code.tex 2013/07/15  (rcs-revision 1.15)
\pgf@max=\dimen169
\pgf@sys@shading@range@num=\count134
)
(/opt/app-sync/texlive/uio-texmf/texmf-dist/tex/generic/pgf/basiclayer/pgfcorei
mage.code.tex
File: pgfcoreimage.code.tex 2013/07/15  (rcs-revision 1.18)

(/opt/app-sync/texlive/uio-texmf/texmf-dist/tex/generic/pgf/basiclayer/pgfcoree
xternal.code.tex
File: pgfcoreexternal.code.tex 2014/07/09  (rcs-revision 1.21)
\pgfexternal@startupbox=\box40
))
(/opt/app-sync/texlive/uio-texmf/texmf-dist/tex/generic/pgf/basiclayer/pgfcorel
ayers.code.tex
File: pgfcorelayers.code.tex 2013/07/18  (rcs-revision 1.7)
)
(/opt/app-sync/texlive/uio-texmf/texmf-dist/tex/generic/pgf/basiclayer/pgfcoret
ransparency.code.tex
File: pgfcoretransparency.code.tex 2013/09/30  (rcs-revision 1.5)
)
(/opt/app-sync/texlive/uio-texmf/texmf-dist/tex/generic/pgf/basiclayer/pgfcorep
atterns.code.tex
File: pgfcorepatterns.code.tex 2013/11/07  (rcs-revision 1.5)
)))
(/opt/app-sync/texlive/uio-texmf/texmf-dist/tex/generic/pgf/modules/pgfmodulesh
apes.code.tex
File: pgfmoduleshapes.code.tex 2014/03/21  (rcs-revision 1.35)
\pgfnodeparttextbox=\box41
)
(/opt/app-sync/texlive/uio-texmf/texmf-dist/tex/generic/pgf/modules/pgfmodulepl
ot.code.tex
File: pgfmoduleplot.code.tex 2015/08/03  (rcs-revision 1.13)
)
(/opt/app-sync/texlive/uio-texmf/texmf-dist/tex/latex/pgf/compatibility/pgfcomp
-version-0-65.sty
Package: pgfcomp-version-0-65 2007/07/03 v3.0.1a (rcs-revision 1.7)
\pgf@nodesepstart=\dimen170
\pgf@nodesepend=\dimen171
)
(/opt/app-sync/texlive/uio-texmf/texmf-dist/tex/latex/pgf/compatibility/pgfcomp
-version-1-18.sty
Package: pgfcomp-version-1-18 2007/07/23 v3.0.1a (rcs-revision 1.1)
))
(/opt/app-sync/texlive/uio-texmf/texmf-dist/tex/latex/pgf/utilities/pgffor.sty
(/opt/app-sync/texlive/uio-texmf/texmf-dist/tex/latex/pgf/utilities/pgfkeys.sty

(/opt/app-sync/texlive/uio-texmf/texmf-dist/tex/generic/pgf/utilities/pgfkeys.c
ode.tex))
(/opt/app-sync/texlive/uio-texmf/texmf-dist/tex/latex/pgf/math/pgfmath.sty
(/opt/app-sync/texlive/uio-texmf/texmf-dist/tex/generic/pgf/math/pgfmath.code.t
ex))
(/opt/app-sync/texlive/uio-texmf/texmf-dist/tex/generic/pgf/utilities/pgffor.co
de.tex
Package: pgffor 2013/12/13 v3.0.1a (rcs-revision 1.25)

(/opt/app-sync/texlive/uio-texmf/texmf-dist/tex/generic/pgf/math/pgfmath.code.t
ex)
\pgffor@iter=\dimen172
\pgffor@skip=\dimen173
\pgffor@stack=\toks40
\pgffor@toks=\toks41
))
(/opt/app-sync/texlive/uio-texmf/texmf-dist/tex/generic/pgf/frontendlayer/tikz/
tikz.code.tex
Package: tikz 2015/08/07 v3.0.1a (rcs-revision 1.151)

(/opt/app-sync/texlive/uio-texmf/texmf-dist/tex/generic/pgf/libraries/pgflibrar
yplothandlers.code.tex
File: pgflibraryplothandlers.code.tex 2013/08/31 v3.0.1a (rcs-revision 1.20)
\pgf@plot@mark@count=\count135
\pgfplotmarksize=\dimen174
)
\tikz@lastx=\dimen175
\tikz@lasty=\dimen176
\tikz@lastxsaved=\dimen177
\tikz@lastysaved=\dimen178
\tikzleveldistance=\dimen179
\tikzsiblingdistance=\dimen180
\tikz@figbox=\box42
\tikz@figbox@bg=\box43
\tikz@tempbox=\box44
\tikz@tempbox@bg=\box45
\tikztreelevel=\count136
\tikznumberofchildren=\count137
\tikznumberofcurrentchild=\count138
\tikz@fig@count=\count139

(/opt/app-sync/texlive/uio-texmf/texmf-dist/tex/generic/pgf/modules/pgfmodulema
trix.code.tex
File: pgfmodulematrix.code.tex 2013/09/17  (rcs-revision 1.8)
\pgfmatrixcurrentrow=\count140
\pgfmatrixcurrentcolumn=\count141
\pgf@matrix@numberofcolumns=\count142
)
\tikz@expandcount=\count143

(/opt/app-sync/texlive/uio-texmf/texmf-dist/tex/generic/pgf/frontendlayer/tikz/
libraries/tikzlibrarytopaths.code.tex
File: tikzlibrarytopaths.code.tex 2008/06/17 v3.0.1a (rcs-revision 1.2)
)))
(/opt/app-sync/texlive/uio-texmf/texmf-dist/tex/latex/cancel/cancel.sty
Package: cancel 2013/04/12 v2.2 Cancel math terms
)
(/opt/app-sync/texlive/uio-texmf/texmf-dist/tex/latex/filecontents/filecontents
.sty
Package: filecontents 2011/10/08 v1.3 Create an external file from within a LaT
eX document
) (./Oblig1.aux)
\openout1 = `Oblig1.aux'.

LaTeX Font Info:    Checking defaults for OML/cmm/m/it on input line 25.
LaTeX Font Info:    ... okay on input line 25.
LaTeX Font Info:    Checking defaults for T1/cmr/m/n on input line 25.
LaTeX Font Info:    ... okay on input line 25.
LaTeX Font Info:    Checking defaults for OT1/cmr/m/n on input line 25.
LaTeX Font Info:    ... okay on input line 25.
LaTeX Font Info:    Checking defaults for OMS/cmsy/m/n on input line 25.
LaTeX Font Info:    ... okay on input line 25.
LaTeX Font Info:    Checking defaults for OMX/cmex/m/n on input line 25.
LaTeX Font Info:    ... okay on input line 25.
LaTeX Font Info:    Checking defaults for U/cmr/m/n on input line 25.
LaTeX Font Info:    ... okay on input line 25.
LaTeX Font Info:    Checking defaults for PD1/pdf/m/n on input line 25.
LaTeX Font Info:    ... okay on input line 25.
Package ragged2e Info: ABD: executing \RaggedRight on input line 25.
 ABD: EverySelectfont initializing macros
LaTeX Info: Redefining \selectfont on input line 25.

(/opt/app-sync/texlive/uio-texmf/texmf-dist/tex/context/base/mkii/supp-pdf.mkii
[Loading MPS to PDF converter (version 2006.09.02).]
\scratchcounter=\count144
\scratchdimen=\dimen181
\scratchbox=\box46
\nofMPsegments=\count145
\nofMParguments=\count146
\everyMPshowfont=\toks42
\MPscratchCnt=\count147
\MPscratchDim=\dimen182
\MPnumerator=\count148
\makeMPintoPDFobject=\count149
\everyMPtoPDFconversion=\toks43
)
(/opt/app-sync/texlive/uio-texmf/texmf-dist/tex/latex/oberdiek/epstopdf-base.st
y
Package: epstopdf-base 2016/05/15 v2.6 Base part for package epstopdf
 (/opt/app-sync/texlive/uio-texmf/texmf-dist/tex/latex/oberdiek/grfext.sty
Package: grfext 2016/05/16 v1.2 Manage graphics extensions (HO)
)
Package epstopdf-base Info: Redefining graphics rule for `.eps' on input line 4
38.
Package grfext Info: Graphics extension search list:
(grfext)             [.png,.pdf,.jpg,.mps,.jpeg,.jbig2,.jb2,.PNG,.PDF,.JPG,.JPE
G,.JBIG2,.JB2,.eps]
(grfext)             \AppendGraphicsExtensions on input line 456.

(/opt/app-sync/texlive/uio-texmf/texmf-dist/tex/latex/latexconfig/epstopdf-sys.
cfg
File: epstopdf-sys.cfg 2010/07/13 v1.3 Configuration of (r)epstopdf for TeX Liv
e
))
LaTeX Info: Redefining \celsius on input line 25.
Package gensymb Info: Faking symbols for \degree and \celsius on input line 25.



Package gensymb Warning: Not defining \perthousand.

LaTeX Info: Redefining \ohm on input line 25.
Package gensymb Info: Using \Omega for \ohm on input line 25.

Package gensymb Warning: Not defining \micro.

\AtBeginShipoutBox=\box47
Package hyperref Info: Link coloring OFF on input line 25.
(/opt/app-sync/texlive/uio-texmf/texmf-dist/tex/latex/hyperref/nameref.sty
Package: nameref 2016/05/21 v2.44 Cross-referencing by name of section

(/opt/app-sync/texlive/uio-texmf/texmf-dist/tex/generic/oberdiek/gettitlestring
.sty
Package: gettitlestring 2016/05/16 v1.5 Cleanup title references (HO)
)
\c@section@level=\count150
)
LaTeX Info: Redefining \ref on input line 25.
LaTeX Info: Redefining \pageref on input line 25.
LaTeX Info: Redefining \nameref on input line 25.
 (./Oblig1.out) (./Oblig1.out)
\@outlinefile=\write4
\openout4 = `Oblig1.out'.


*geometry* driver: auto-detecting
*geometry* detected driver: pdftex
*geometry* verbose mode - [ preamble ] result:
* driver: pdftex
* paper: a4paper
* layout: <same size as paper>
* layoutoffset:(h,v)=(0.0pt,0.0pt)
* modes: 
* h-part:(L,W,R)=(65.04256pt, 481.87654pt, 50.58878pt)
* v-part:(T,H,B)=(43.36243pt, 743.86821pt, 57.81621pt)
* \paperwidth=597.50787pt
* \paperheight=845.04684pt
* \textwidth=481.87654pt
* \textheight=743.86821pt
* \oddsidemargin=-7.22743pt
* \evensidemargin=-7.22743pt
* \topmargin=-65.90756pt
* \headheight=12.0pt
* \headsep=25.0pt
* \topskip=12.0pt
* \footskip=30.0pt
* \marginparwidth=35.0pt
* \marginparsep=10.0pt
* \columnsep=10.0pt
* \skip\footins=10.8pt plus 4.0pt minus 2.0pt
* \hoffset=0.0pt
* \voffset=0.0pt
* \mag=1000
* \@twocolumnfalse
* \@twosidefalse
* \@mparswitchfalse
* \@reversemarginfalse
* (1in=72.27pt=25.4mm, 1cm=28.453pt)

\c@lstlisting=\count151
ABD: EveryShipout initializing macros
LaTeX Font Info:    Try loading font information for U+msa on input line 54.

(/opt/app-sync/texlive/uio-texmf/texmf-dist/tex/latex/amsfonts/umsa.fd
File: umsa.fd 2013/01/14 v3.01 AMS symbols A
)
LaTeX Font Info:    Try loading font information for U+msb on input line 54.

(/opt/app-sync/texlive/uio-texmf/texmf-dist/tex/latex/amsfonts/umsb.fd
File: umsb.fd 2013/01/14 v3.01 AMS symbols B
)
[1

{/opt/app-sync/texlive/uio-texmf/texmf-var/fonts/map/pdftex/updmap/pdftex.map}]
LaTeX Font Info:    Try loading font information for OMS+cmr on input line 121.

 (/opt/app-sync/texlive/uio-texmf/texmf-dist/tex/latex/base/omscmr.fd
File: omscmr.fd 2014/09/29 v2.5h Standard LaTeX font definitions
)
LaTeX Font Info:    Font shape `OMS/cmr/m/n' in size <12> not available
(Font)              Font shape `OMS/cmsy/m/n' tried instead on input line 121.


LaTeX Warning: Command \textcircled invalid in math mode on input line 121.


LaTeX Warning: Command \textcircled invalid in math mode on input line 121.


LaTeX Warning: Command \textcircled invalid in math mode on input line 121.


LaTeX Warning: Command \textcircled invalid in math mode on input line 121.


LaTeX Warning: Command \textcircled invalid in math mode on input line 121.


LaTeX Warning: Command \textcircled invalid in math mode on input line 121.


LaTeX Warning: Command \textcircled invalid in math mode on input line 121.


LaTeX Warning: Command \textcircled invalid in math mode on input line 121.


LaTeX Warning: Command \textcircled invalid in math mode on input line 121.


LaTeX Warning: Command \textcircled invalid in math mode on input line 121.


LaTeX Warning: Command \textcircled invalid in math mode on input line 129.


LaTeX Warning: Command \textcircled invalid in math mode on input line 129.


LaTeX Warning: Command \textcircled invalid in math mode on input line 129.


LaTeX Warning: Command \textcircled invalid in math mode on input line 129.


LaTeX Warning: Command \textcircled invalid in math mode on input line 129.


LaTeX Warning: Command \textcircled invalid in math mode on input line 129.


LaTeX Warning: Command \textcircled invalid in math mode on input line 129.


LaTeX Warning: Command \textcircled invalid in math mode on input line 129.


LaTeX Warning: Command \textcircled invalid in math mode on input line 129.


LaTeX Warning: Command \textcircled invalid in math mode on input line 129.


LaTeX Warning: Command \textcircled invalid in math mode on input line 129.


LaTeX Warning: Command \textcircled invalid in math mode on input line 129.


LaTeX Warning: Command \textcircled invalid in math mode on input line 129.


LaTeX Warning: Command \textcircled invalid in math mode on input line 129.


LaTeX Warning: Command \textcircled invalid in math mode on input line 129.


LaTeX Warning: Command \textcircled invalid in math mode on input line 129.


LaTeX Warning: Command \textcircled invalid in math mode on input line 129.


LaTeX Warning: Command \textcircled invalid in math mode on input line 129.


LaTeX Warning: Command \textcircled invalid in math mode on input line 129.


LaTeX Warning: Command \textcircled invalid in math mode on input line 129.


LaTeX Warning: Command \textcircled invalid in math mode on input line 129.


LaTeX Warning: Command \textcircled invalid in math mode on input line 129.


LaTeX Warning: Command \textcircled invalid in math mode on input line 129.


LaTeX Warning: Command \textcircled invalid in math mode on input line 129.


LaTeX Warning: Command \textcircled invalid in math mode on input line 129.


LaTeX Warning: Command \textcircled invalid in math mode on input line 129.


LaTeX Warning: Command \textcircled invalid in math mode on input line 129.


LaTeX Warning: Command \textcircled invalid in math mode on input line 129.


LaTeX Warning: Command \textcircled invalid in math mode on input line 129.


LaTeX Warning: Command \textcircled invalid in math mode on input line 129.

[2]

LaTeX Warning: Command \textcircled invalid in math mode on input line 144.


LaTeX Warning: Command \textcircled invalid in math mode on input line 144.


LaTeX Warning: Command \textcircled invalid in math mode on input line 144.


LaTeX Warning: Command \textcircled invalid in math mode on input line 144.


LaTeX Warning: Command \textcircled invalid in math mode on input line 144.


LaTeX Warning: Command \textcircled invalid in math mode on input line 144.


LaTeX Warning: Command \textcircled invalid in math mode on input line 144.


LaTeX Warning: Command \textcircled invalid in math mode on input line 144.


LaTeX Warning: Command \textcircled invalid in math mode on input line 144.


LaTeX Warning: Command \textcircled invalid in math mode on input line 144.


LaTeX Warning: Command \textcircled invalid in math mode on input line 144.


LaTeX Warning: Command \textcircled invalid in math mode on input line 144.


LaTeX Warning: Command \textcircled invalid in math mode on input line 144.


LaTeX Warning: Command \textcircled invalid in math mode on input line 144.


LaTeX Warning: Command \textcircled invalid in math mode on input line 158.


LaTeX Warning: Command \textcircled invalid in math mode on input line 158.


LaTeX Warning: Command \textcircled invalid in math mode on input line 158.


LaTeX Warning: Command \textcircled invalid in math mode on input line 158.


LaTeX Warning: Command \textcircled invalid in math mode on input line 158.


LaTeX Warning: Command \textcircled invalid in math mode on input line 158.


LaTeX Warning: Command \textcircled invalid in math mode on input line 158.


LaTeX Warning: Command \textcircled invalid in math mode on input line 158.


LaTeX Warning: Command \textcircled invalid in math mode on input line 158.


LaTeX Warning: Command \textcircled invalid in math mode on input line 158.


LaTeX Warning: Command \textcircled invalid in math mode on input line 158.


LaTeX Warning: Command \textcircled invalid in math mode on input line 158.


LaTeX Warning: Command \textcircled invalid in math mode on input line 158.


LaTeX Warning: Command \textcircled invalid in math mode on input line 158.


LaTeX Warning: Command \textcircled invalid in math mode on input line 158.


LaTeX Warning: Command \textcircled invalid in math mode on input line 158.


LaTeX Warning: Command \textcircled invalid in math mode on input line 158.


LaTeX Warning: Command \textcircled invalid in math mode on input line 158.


LaTeX Warning: Command \textcircled invalid in math mode on input line 158.


LaTeX Warning: Command \textcircled invalid in math mode on input line 158.


LaTeX Warning: Command \textcircled invalid in math mode on input line 158.


LaTeX Warning: Command \textcircled invalid in math mode on input line 158.


LaTeX Warning: Command \textcircled invalid in math mode on input line 158.


LaTeX Warning: Command \textcircled invalid in math mode on input line 158.


LaTeX Warning: Command \textcircled invalid in math mode on input line 158.


LaTeX Warning: Command \textcircled invalid in math mode on input line 158.


LaTeX Warning: Command \textcircled invalid in math mode on input line 158.


LaTeX Warning: Command \textcircled invalid in math mode on input line 158.


LaTeX Warning: Command \textcircled invalid in math mode on input line 158.


LaTeX Warning: Command \textcircled invalid in math mode on input line 158.


LaTeX Warning: Command \textcircled invalid in math mode on input line 158.


LaTeX Warning: Command \textcircled invalid in math mode on input line 158.


LaTeX Warning: Command \textcircled invalid in math mode on input line 158.


LaTeX Warning: Command \textcircled invalid in math mode on input line 158.


LaTeX Warning: Command \textcircled invalid in math mode on input line 158.


LaTeX Warning: Command \textcircled invalid in math mode on input line 158.


LaTeX Warning: Command \textcircled invalid in math mode on input line 158.


LaTeX Warning: Command \textcircled invalid in math mode on input line 158.


LaTeX Warning: Command \textcircled invalid in math mode on input line 158.


LaTeX Warning: Command \textcircled invalid in math mode on input line 158.


LaTeX Warning: Command \textcircled invalid in math mode on input line 158.


LaTeX Warning: Command \textcircled invalid in math mode on input line 158.


LaTeX Warning: Command \textcircled invalid in math mode on input line 158.


LaTeX Warning: Command \textcircled invalid in math mode on input line 158.


LaTeX Warning: Command \textcircled invalid in math mode on input line 158.


LaTeX Warning: Command \textcircled invalid in math mode on input line 158.


LaTeX Warning: Command \textcircled invalid in math mode on input line 158.


LaTeX Warning: Command \textcircled invalid in math mode on input line 158.


LaTeX Warning: Command \textcircled invalid in math mode on input line 158.


LaTeX Warning: Command \textcircled invalid in math mode on input line 158.


LaTeX Warning: Command \textcircled invalid in math mode on input line 158.


LaTeX Warning: Command \textcircled invalid in math mode on input line 158.


LaTeX Warning: Command \textcircled invalid in math mode on input line 158.


LaTeX Warning: Command \textcircled invalid in math mode on input line 158.


LaTeX Warning: Command \textcircled invalid in math mode on input line 158.


LaTeX Warning: Command \textcircled invalid in math mode on input line 158.


LaTeX Warning: Command \textcircled invalid in math mode on input line 158.


LaTeX Warning: Command \textcircled invalid in math mode on input line 158.


LaTeX Warning: Command \textcircled invalid in math mode on input line 158.


LaTeX Warning: Command \textcircled invalid in math mode on input line 158.


LaTeX Warning: Command \textcircled invalid in math mode on input line 158.


LaTeX Warning: Command \textcircled invalid in math mode on input line 158.


LaTeX Warning: Command \textcircled invalid in math mode on input line 158.


LaTeX Warning: Command \textcircled invalid in math mode on input line 158.


LaTeX Warning: Command \textcircled invalid in math mode on input line 158.


LaTeX Warning: Command \textcircled invalid in math mode on input line 158.


LaTeX Warning: Command \textcircled invalid in math mode on input line 158.


LaTeX Warning: Command \textcircled invalid in math mode on input line 158.


LaTeX Warning: Command \textcircled invalid in math mode on input line 158.


LaTeX Warning: Command \textcircled invalid in math mode on input line 158.


LaTeX Warning: Command \textcircled invalid in math mode on input line 158.


LaTeX Warning: Command \textcircled invalid in math mode on input line 158.


LaTeX Warning: Command \textcircled invalid in math mode on input line 158.


LaTeX Warning: Command \textcircled invalid in math mode on input line 158.


LaTeX Warning: Command \textcircled invalid in math mode on input line 158.


LaTeX Warning: Command \textcircled invalid in math mode on input line 158.


LaTeX Warning: Command \textcircled invalid in math mode on input line 158.


LaTeX Warning: Command \textcircled invalid in math mode on input line 158.

[3]

LaTeX Warning: Command \textcircled invalid in math mode on input line 184.


LaTeX Warning: Command \textcircled invalid in math mode on input line 184.


LaTeX Warning: Command \textcircled invalid in math mode on input line 184.


LaTeX Warning: Command \textcircled invalid in math mode on input line 184.


LaTeX Warning: Command \textcircled invalid in math mode on input line 184.


LaTeX Warning: Command \textcircled invalid in math mode on input line 184.


LaTeX Warning: Command \textcircled invalid in math mode on input line 184.


LaTeX Warning: Command \textcircled invalid in math mode on input line 184.


LaTeX Warning: Command \textcircled invalid in math mode on input line 184.


LaTeX Warning: Command \textcircled invalid in math mode on input line 184.


LaTeX Warning: Command \textcircled invalid in math mode on input line 184.


LaTeX Warning: Command \textcircled invalid in math mode on input line 184.


LaTeX Warning: Command \textcircled invalid in math mode on input line 184.


LaTeX Warning: Command \textcircled invalid in math mode on input line 184.


LaTeX Warning: Command \textcircled invalid in math mode on input line 184.


LaTeX Warning: Command \textcircled invalid in math mode on input line 184.


LaTeX Warning: Command \textcircled invalid in math mode on input line 184.


LaTeX Warning: Command \textcircled invalid in math mode on input line 184.


LaTeX Warning: Command \textcircled invalid in math mode on input line 184.


LaTeX Warning: Command \textcircled invalid in math mode on input line 184.


LaTeX Warning: Command \textcircled invalid in math mode on input line 184.


LaTeX Warning: Command \textcircled invalid in math mode on input line 184.


LaTeX Warning: Command \textcircled invalid in math mode on input line 184.


LaTeX Warning: Command \textcircled invalid in math mode on input line 184.


LaTeX Warning: Command \textcircled invalid in math mode on input line 184.


LaTeX Warning: Command \textcircled invalid in math mode on input line 184.


LaTeX Warning: Command \textcircled invalid in math mode on input line 184.


LaTeX Warning: Command \textcircled invalid in math mode on input line 184.


LaTeX Warning: Command \textcircled invalid in math mode on input line 184.


LaTeX Warning: Command \textcircled invalid in math mode on input line 184.


LaTeX Warning: Command \textcircled invalid in math mode on input line 184.


LaTeX Warning: Command \textcircled invalid in math mode on input line 184.


LaTeX Warning: Command \textcircled invalid in math mode on input line 184.


LaTeX Warning: Command \textcircled invalid in math mode on input line 184.


LaTeX Warning: Command \textcircled invalid in math mode on input line 184.


LaTeX Warning: Command \textcircled invalid in math mode on input line 184.


LaTeX Warning: Command \textcircled invalid in math mode on input line 184.


LaTeX Warning: Command \textcircled invalid in math mode on input line 184.


LaTeX Warning: Command \textcircled invalid in math mode on input line 184.


LaTeX Warning: Command \textcircled invalid in math mode on input line 184.


LaTeX Warning: Command \textcircled invalid in math mode on input line 184.


LaTeX Warning: Command \textcircled invalid in math mode on input line 184.


LaTeX Warning: Command \textcircled invalid in math mode on input line 184.


LaTeX Warning: Command \textcircled invalid in math mode on input line 184.


LaTeX Warning: Command \textcircled invalid in math mode on input line 184.


LaTeX Warning: Command \textcircled invalid in math mode on input line 184.


LaTeX Warning: Command \textcircled invalid in math mode on input line 184.


LaTeX Warning: Command \textcircled invalid in math mode on input line 184.


LaTeX Warning: Command \textcircled invalid in math mode on input line 184.


LaTeX Warning: Command \textcircled invalid in math mode on input line 184.


LaTeX Warning: Command \textcircled invalid in math mode on input line 184.


LaTeX Warning: Command \textcircled invalid in math mode on input line 184.


LaTeX Warning: Command \textcircled invalid in math mode on input line 184.


LaTeX Warning: Command \textcircled invalid in math mode on input line 184.


LaTeX Warning: Command \textcircled invalid in math mode on input line 184.


LaTeX Warning: Command \textcircled invalid in math mode on input line 184.


LaTeX Warning: Command \textcircled invalid in math mode on input line 184.


LaTeX Warning: Command \textcircled invalid in math mode on input line 184.

[4] [5] [6]
Package atveryend Info: Empty hook `BeforeClearDocument' on input line 255.
Package atveryend Info: Empty hook `AfterLastShipout' on input line 255.
 (./Oblig1.aux)
Package atveryend Info: Executing hook `AtVeryEndDocument' on input line 255.
Package atveryend Info: Executing hook `AtEndAfterFileList' on input line 255.
Package rerunfilecheck Info: File `Oblig1.out' has not changed.
(rerunfilecheck)             Checksum: D41D8CD98F00B204E9800998ECF8427E;0.
Package atveryend Info: Empty hook `AtVeryVeryEnd' on input line 255.
 ) 
Here is how much of TeX's memory you used:
 18682 strings out of 493013
 338963 string characters out of 6120476
 422140 words of memory out of 5000000
 21866 multiletter control sequences out of 15000+600000
 12847 words of font info for 51 fonts, out of 8000000 for 9000
 1141 hyphenation exceptions out of 8191
 55i,15n,54p,406b,345s stack positions out of 5000i,500n,10000p,200000b,80000s
</opt/app-sync/texlive/uio-texmf/texmf-dist/fonts/type1/public/amsfonts/cm/cm
bx12.pfb></opt/app-sync/texlive/uio-texmf/texmf-dist/fonts/type1/public/amsfont
s/cm/cmex10.pfb></opt/app-sync/texlive/uio-texmf/texmf-dist/fonts/type1/public/
amsfonts/cmextra/cmex8.pfb></opt/app-sync/texlive/uio-texmf/texmf-dist/fonts/ty
pe1/public/amsfonts/cm/cmmi12.pfb></opt/app-sync/texlive/uio-texmf/texmf-dist/f
onts/type1/public/amsfonts/cm/cmmi6.pfb></opt/app-sync/texlive/uio-texmf/texmf-
dist/fonts/type1/public/amsfonts/cm/cmmi8.pfb></opt/app-sync/texlive/uio-texmf/
texmf-dist/fonts/type1/public/amsfonts/cm/cmr12.pfb></opt/app-sync/texlive/uio-
texmf/texmf-dist/fonts/type1/public/amsfonts/cm/cmr17.pfb></opt/app-sync/texliv
e/uio-texmf/texmf-dist/fonts/type1/public/amsfonts/cm/cmr6.pfb></opt/app-sync/t
exlive/uio-texmf/texmf-dist/fonts/type1/public/amsfonts/cm/cmr8.pfb></opt/app-s
ync/texlive/uio-texmf/texmf-dist/fonts/type1/public/amsfonts/cm/cmsy10.pfb></op
t/app-sync/texlive/uio-texmf/texmf-dist/fonts/type1/public/amsfonts/cm/cmsy6.pf
b></opt/app-sync/texlive/uio-texmf/texmf-dist/fonts/type1/public/amsfonts/cm/cm
sy8.pfb>
Output written on Oblig1.pdf (6 pages, 134364 bytes).
PDF statistics:
 99 PDF objects out of 1000 (max. 8388607)
 77 compressed objects within 1 object stream
 15 named destinations out of 1000 (max. 500000)
 13 words of extra memory for PDF output out of 10000 (max. 10000000)

